  Camera.cpp
  CameraController.cpp
D:\GitHub\GameEngine\CameraController.cpp(44,23): warning C4244: 'initializing': conversion from 'double' to 'float', possible loss of data
D:\GitHub\GameEngine\CameraController.cpp(45,23): warning C4244: 'initializing': conversion from 'double' to 'float', possible loss of data
  ImGuiLayer.cpp
  main.cpp
  Mesh.cpp
  Shader.cpp
  SoundManager.cpp
  TextureLoader.cpp
  imgui_impl_glfw.cpp
  imgui_impl_opengl3.cpp
  imgui.cpp
  imgui_demo.cpp
  imgui_draw.cpp
  imgui_tables.cpp
  imgui_widgets.cpp
  Generating Code...
  miniaudio.c
LINK : warning LNK4098: defaultlib 'MSVCRT' conflicts with use of other libs; use /NODEFAULTLIB:library
  GLShape.vcxproj -> D:\GitHub\GameEngine\x64\Debug\GLShape.exe
