c:\users\chaincpl\source\repos\glshapemath2\glshape\x64\debug\vc143.pdb
c:\users\chaincpl\source\repos\glshapemath2\glshape\x64\debug\vc143.idb
c:\users\chaincpl\source\repos\glshapemath2\glshape\x64\debug\imgui_widgets.obj
c:\users\chaincpl\source\repos\glshapemath2\glshape\x64\debug\imgui_tables.obj
c:\users\chaincpl\source\repos\glshapemath2\glshape\x64\debug\imgui_draw.obj
c:\users\chaincpl\source\repos\glshapemath2\glshape\x64\debug\imgui_demo.obj
c:\users\chaincpl\source\repos\glshapemath2\glshape\x64\debug\imgui.obj
c:\users\chaincpl\source\repos\glshapemath2\glshape\x64\debug\imgui_impl_opengl3.obj
c:\users\chaincpl\source\repos\glshapemath2\glshape\x64\debug\imgui_impl_glfw.obj
c:\users\chaincpl\source\repos\glshapemath2\glshape\x64\debug\mesh.obj
c:\users\chaincpl\source\repos\glshapemath2\glshape\x64\debug\main.obj
c:\users\chaincpl\source\repos\glshapemath2\glshape\x64\debug\textureloader.obj
c:\users\chaincpl\source\repos\glshapemath2\glshape\x64\debug\shader.obj
c:\users\chaincpl\source\repos\glshapemath2\glshape\x64\debug\imguilayer.obj
c:\users\chaincpl\source\repos\glshapemath2\glshape\x64\debug\camera.obj
c:\users\chaincpl\source\repos\glshapemath2\x64\debug\glshape.exe
c:\users\chaincpl\source\repos\glshapemath2\x64\debug\glshape.pdb
c:\users\chaincpl\source\repos\glshapemath2\glshape\x64\debug\glshape.ilk
c:\users\chaincpl\source\repos\glshapemath2\glshape\x64\debug\glshape.tlog\cl.command.1.tlog
c:\users\chaincpl\source\repos\glshapemath2\glshape\x64\debug\glshape.tlog\cl.items.tlog
c:\users\chaincpl\source\repos\glshapemath2\glshape\x64\debug\glshape.tlog\cl.read.1.tlog
c:\users\chaincpl\source\repos\glshapemath2\glshape\x64\debug\glshape.tlog\cl.write.1.tlog
c:\users\chaincpl\source\repos\glshapemath2\glshape\x64\debug\glshape.tlog\link.command.1.tlog
c:\users\chaincpl\source\repos\glshapemath2\glshape\x64\debug\glshape.tlog\link.read.1.tlog
c:\users\chaincpl\source\repos\glshapemath2\glshape\x64\debug\glshape.tlog\link.secondary.1.tlog
c:\users\chaincpl\source\repos\glshapemath2\glshape\x64\debug\glshape.tlog\link.write.1.tlog
